Using pre-set license
Built from 'trunk' branch; Version is '6000.0.5f1 (17028576122a) revision 1507973'; Using compiler version '193933522'; Build Type 'Release'
OS: 'Windows 11  (10.0.22631) 64bit Core' Language: 'en' Physical Memory: 32678 MB
BatchMode: 1, IsHumanControllingUs: 0, StartBugReporterOnCrash: 0, Is64bit: 1, IsPro: 1

COMMAND LINE ARGUMENTS:
A:\GameDev Apps\Unity\6000.0.5f1\Editor\Unity.exe
-adb2
-batchMode
-noUpm
-name
AssetImportWorker3
-projectPath
D:/University/Assignments/Simester 2/CSY1077 - Group Game Project Fundamentals/GroupProjectY1/GameProject
-logFile
Logs/AssetImportWorker3.log
-srvPort
56703
-job-worker-count
7
-background-job-worker-count
8
-asset-garbage-collectors
1
Successfully changed project path to: D:/University/Assignments/Simester 2/CSY1077 - Group Game Project Fundamentals/GroupProjectY1/GameProject
D:/University/Assignments/Simester 2/CSY1077 - Group Game Project Fundamentals/GroupProjectY1/GameProject
[UnityMemory] Configuration Parameters - Can be set up in boot.config
    "memorysetup-bucket-allocator-granularity=16"
    "memorysetup-bucket-allocator-bucket-count=8"
    "memorysetup-bucket-allocator-block-size=33554432"
    "memorysetup-bucket-allocator-block-count=8"
    "memorysetup-main-allocator-block-size=16777216"
    "memorysetup-thread-allocator-block-size=16777216"
    "memorysetup-gfx-main-allocator-block-size=16777216"
    "memorysetup-gfx-thread-allocator-block-size=16777216"
    "memorysetup-cache-allocator-block-size=4194304"
    "memorysetup-typetree-allocator-block-size=2097152"
    "memorysetup-profiler-bucket-allocator-granularity=16"
    "memorysetup-profiler-bucket-allocator-bucket-count=8"
    "memorysetup-profiler-bucket-allocator-block-size=33554432"
    "memorysetup-profiler-bucket-allocator-block-count=8"
    "memorysetup-profiler-allocator-block-size=16777216"
    "memorysetup-profiler-editor-allocator-block-size=1048576"
    "memorysetup-temp-allocator-size-main=16777216"
    "memorysetup-job-temp-allocator-block-size=2097152"
    "memorysetup-job-temp-allocator-block-size-background=1048576"
    "memorysetup-job-temp-allocator-reduction-small-platforms=262144"
    "memorysetup-allocator-temp-initial-block-size-main=262144"
    "memorysetup-allocator-temp-initial-block-size-worker=262144"
    "memorysetup-temp-allocator-size-background-worker=32768"
    "memorysetup-temp-allocator-size-job-worker=262144"
    "memorysetup-temp-allocator-size-preload-manager=33554432"
    "memorysetup-temp-allocator-size-nav-mesh-worker=65536"
    "memorysetup-temp-allocator-size-audio-worker=65536"
    "memorysetup-temp-allocator-size-cloud-worker=32768"
    "memorysetup-temp-allocator-size-gi-baking-worker=262144"
    "memorysetup-temp-allocator-size-gi-baking-worker=262144"
    "memorysetup-temp-allocator-size-gi-baking-worker=262144"
    "memorysetup-temp-allocator-size-gi-baking-worker=262144"
    "memorysetup-temp-allocator-size-gi-baking-worker=262144"
    "memorysetup-temp-allocator-size-gfx=262144"
Player connection [16648]  Target information:

Player connection [16648]  * "[IP] 195.195.92.113 [Port] 0 [Flags] 2 [Guid] 3631580666 [EditorId] 3631580666 [Version] 1048832 [Id] WindowsEditor(7,DESKTOP-UNKO88A) [Debug] 1 [PackageName] WindowsEditor [ProjectName] Editor" 

Player connection [16648]  * "[IP] 172.29.64.1 [Port] 0 [Flags] 2 [Guid] 3631580666 [EditorId] 3631580666 [Version] 1048832 [Id] WindowsEditor(7,DESKTOP-UNKO88A) [Debug] 1 [PackageName] WindowsEditor [ProjectName] Editor" 

Player connection [16648]  * "[IP] 192.168.56.1 [Port] 0 [Flags] 2 [Guid] 3631580666 [EditorId] 3631580666 [Version] 1048832 [Id] WindowsEditor(7,DESKTOP-UNKO88A) [Debug] 1 [PackageName] WindowsEditor [ProjectName] Editor" 

Player connection [16648]  * "[IP] 100.104.111.41 [Port] 0 [Flags] 2 [Guid] 3631580666 [EditorId] 3631580666 [Version] 1048832 [Id] WindowsEditor(7,DESKTOP-UNKO88A) [Debug] 1 [PackageName] WindowsEditor [ProjectName] Editor" 

Player connection [16648] Host joined multi-casting on [225.0.0.222:54997]...
Player connection [16648] Host joined alternative multi-casting on [225.0.0.222:34997]...
JobSystem: Creating JobQueue using job-worker-count value 7
Library Redirect Path: Library/
[PhysX] Initialized MultithreadedTaskDispatcher with 8 workers.
Refreshing native plugins compatible for Editor in 4.49 ms, found 4 plugins.
Preloading 0 native plugins for Editor in 0.00 ms.
Initialize engine version: 6000.0.5f1 (17028576122a)
[Subsystems] Discovering subsystems at path A:/GameDev Apps/Unity/6000.0.5f1/Editor/Data/Resources/UnitySubsystems
[Subsystems] Discovering subsystems at path D:/University/Assignments/Simester 2/CSY1077 - Group Game Project Fundamentals/GroupProjectY1/GameProject/Assets
GfxDevice: creating device client; kGfxThreadingModeNonThreaded
Direct3D:
    Version:  Direct3D 11.0 [level 11.1]
    Renderer: AMD Radeon RX 7700 XT (ID=0x747e)
    Vendor:   ATI
    VRAM:     12056 MB
    Driver:   32.0.12011.1036
Initialize mono
Mono path[0] = 'A:/GameDev Apps/Unity/6000.0.5f1/Editor/Data/Managed'
Mono path[1] = 'A:/GameDev Apps/Unity/6000.0.5f1/Editor/Data/MonoBleedingEdge/lib/mono/unityjit-win32'
Mono config path = 'A:/GameDev Apps/Unity/6000.0.5f1/Editor/Data/MonoBleedingEdge/etc'
Using monoOptions --debugger-agent=transport=dt_socket,embedding=1,server=y,suspend=n,address=127.0.0.1:56228
Begin MonoManager ReloadAssembly
Registering precompiled unity dll's ...
Register platform support module: A:/GameDev Apps/Unity/6000.0.5f1/Editor/Data/PlaybackEngines/WindowsStandaloneSupport/UnityEditor.WindowsStandalone.Extensions.dll
Register platform support module: A:/GameDev Apps/Unity/6000.0.5f1/Editor/Data/PlaybackEngines/AndroidPlayer/UnityEditor.Android.Extensions.dll
Register platform support module: A:/GameDev Apps/Unity/6000.0.5f1/Editor/Data/PlaybackEngines/iOSSupport/UnityEditor.iOS.Extensions.dll
Registered in 0.004534 seconds.
- Loaded All Assemblies, in  0.500 seconds
[usbmuxd] Start listen thread
[usbmuxd] Listen thread started
Native extension for iOS target not found
Native extension for Android target not found
Android Extension - Scanning For ADB Devices 1520 ms
Native extension for WindowsStandalone target not found
Mono: successfully reloaded assembly
- Finished resetting the current domain, in  2.075 seconds
Domain Reload Profiling: 2575ms
	BeginReloadAssembly (188ms)
		ExecutionOrderSort (0ms)
		DisableScriptedObjects (0ms)
		BackupInstance (0ms)
		ReleaseScriptingObjects (0ms)
		CreateAndSetChildDomain (1ms)
	RebuildCommonClasses (35ms)
	RebuildNativeTypeToScriptingClass (9ms)
	initialDomainReloadingComplete (60ms)
	LoadAllAssembliesAndSetupDomain (207ms)
		LoadAssemblies (188ms)
		RebuildTransferFunctionScriptingTraits (0ms)
		AnalyzeDomain (203ms)
			TypeCache.Refresh (194ms)
				TypeCache.ScanAssembly (175ms)
			BuildScriptInfoCaches (6ms)
			ResolveRequiredComponents (1ms)
	FinalizeReload (2075ms)
		ReleaseScriptCaches (0ms)
		RebuildScriptCaches (0ms)
		SetupLoadedEditorAssemblies (1984ms)
			LogAssemblyErrors (0ms)
			InitializePlatformSupportModulesInManaged (1669ms)
			SetLoadedEditorAssemblies (4ms)
			BeforeProcessingInitializeOnLoad (6ms)
			ProcessInitializeOnLoadAttributes (125ms)
			ProcessInitializeOnLoadMethodAttributes (180ms)
			AfterProcessingInitializeOnLoad (0ms)
			EditorAssembliesLoaded (0ms)
		ExecutionOrderSort2 (0ms)
		AwakeInstancesAfterBackupRestoration (0ms)
========================================================================
Worker process is ready to serve import requests
Import Worker Mode flag is 0x00
Begin MonoManager ReloadAssembly
- Loaded All Assemblies, in  1.048 seconds
Refreshing native plugins compatible for Editor in 2.18 ms, found 4 plugins.
Native extension for iOS target not found
Native extension for Android target not found
Native extension for WindowsStandalone target not found
Mono: successfully reloaded assembly
Package Manager log level set to [2]
[Package Manager] Failed to launch server process. Reason: Unity was launched with the -noUpm command-line argument
[Package Manager] Unable to send message (not connected to server process).
[Package Manager] Cannot connect to Unity Package Manager local server
[Package Manager] Failed to launch server process. Reason: Unity was launched with the -noUpm command-line argument
[Package Manager] Unable to send message (not connected to server process).
[Package Manager] Cannot connect to Unity Package Manager local server
- Finished resetting the current domain, in  1.169 seconds
Domain Reload Profiling: 2216ms
	BeginReloadAssembly (378ms)
		ExecutionOrderSort (0ms)
		DisableScriptedObjects (5ms)
		BackupInstance (0ms)
		ReleaseScriptingObjects (0ms)
		CreateAndSetChildDomain (41ms)
	RebuildCommonClasses (33ms)
	RebuildNativeTypeToScriptingClass (11ms)
	initialDomainReloadingComplete (39ms)
	LoadAllAssembliesAndSetupDomain (585ms)
		LoadAssemblies (385ms)
		RebuildTransferFunctionScriptingTraits (0ms)
		AnalyzeDomain (303ms)
			TypeCache.Refresh (201ms)
				TypeCache.ScanAssembly (184ms)
			BuildScriptInfoCaches (90ms)
			ResolveRequiredComponents (9ms)
	FinalizeReload (1169ms)
		ReleaseScriptCaches (0ms)
		RebuildScriptCaches (0ms)
		SetupLoadedEditorAssemblies (872ms)
			LogAssemblyErrors (0ms)
			InitializePlatformSupportModulesInManaged (17ms)
			SetLoadedEditorAssemblies (4ms)
			BeforeProcessingInitializeOnLoad (91ms)
			ProcessInitializeOnLoadAttributes (475ms)
			ProcessInitializeOnLoadMethodAttributes (284ms)
			AfterProcessingInitializeOnLoad (1ms)
			EditorAssembliesLoaded (0ms)
		ExecutionOrderSort2 (0ms)
		AwakeInstancesAfterBackupRestoration (5ms)
Launched and connected shader compiler UnityShaderCompiler.exe after 0.01 seconds
Refreshing native plugins compatible for Editor in 2.35 ms, found 4 plugins.
Preloading 0 native plugins for Editor in 0.00 ms.
Unloading 204 Unused Serialized files (Serialized files now loaded: 0)
Unloading 6806 unused Assets / (5.5 MB). Loaded Objects now: 7566.
Memory consumption went from 192.2 MB to 186.7 MB.
Total: 9.466700 ms (FindLiveObjects: 0.720300 ms CreateObjectMapping: 0.395100 ms MarkObjects: 5.745200 ms  DeleteObjects: 2.605400 ms)

========================================================================
Received Import Request.
  Time since last request: 23895.694913 seconds.
  path: Assets/TutorialInfo/Icons/Mobile 2D.png
  artifactKey: Guid(eda43ba821d75d046a45209bde150047) Importer(2089858483,192608db42251d675da83286b1cce702)
Start importing Assets/TutorialInfo/Icons/Mobile 2D.png using Guid(eda43ba821d75d046a45209bde150047) Importer(2089858483,192608db42251d675da83286b1cce702) (ScriptedImporter)[PhysX] Initialized MultithreadedTaskDispatcher with 8 workers.
 -> (artifact id: 'a86e5725ae51d6c068404984d8f6c3fc') in 0.2488121 seconds
Number of updated asset objects reloaded before import = 0Number of asset objects unloaded after import = 1

========================================================================
Received Import Request.
  Time since last request: 0.000024 seconds.
  path: Assets/Settings/Scenes/URP2DSceneTemplate.unity
  artifactKey: Guid(2cda990e2423bbf4892e6590ba056729) Importer(2089858483,192608db42251d675da83286b1cce702)
Start importing Assets/Settings/Scenes/URP2DSceneTemplate.unity using Guid(2cda990e2423bbf4892e6590ba056729) Importer(2089858483,192608db42251d675da83286b1cce702) (ScriptedImporter)[PhysX] Initialized MultithreadedTaskDispatcher with 8 workers.
 -> (artifact id: '46aad0b254dd47ea86e4f907db25c39e') in 0.021997 seconds
Number of updated asset objects reloaded before import = 0Number of asset objects unloaded after import = 1

========================================================================
Received Import Request.
  Time since last request: 0.000023 seconds.
  path: Assets/DefaultVolumeProfile.asset
  artifactKey: Guid(3f9215ea0144899419cfbc0957140d3f) Importer(2089858483,192608db42251d675da83286b1cce702)
Start importing Assets/DefaultVolumeProfile.asset using Guid(3f9215ea0144899419cfbc0957140d3f) Importer(2089858483,192608db42251d675da83286b1cce702) (ScriptedImporter)[PhysX] Initialized MultithreadedTaskDispatcher with 8 workers.
 -> (artifact id: '91b912a7bd3b55b526b1033279d3f7e8') in 0.0222169 seconds
Number of updated asset objects reloaded before import = 0Number of asset objects unloaded after import = 0

========================================================================
Received Import Request.
  Time since last request: 0.000016 seconds.
  path: Assets/TutorialInfo/Layout.wlt
  artifactKey: Guid(96e98bffd05413f489cd9851fc862d1f) Importer(2089858483,192608db42251d675da83286b1cce702)
Start importing Assets/TutorialInfo/Layout.wlt using Guid(96e98bffd05413f489cd9851fc862d1f) Importer(2089858483,192608db42251d675da83286b1cce702) (ScriptedImporter)[PhysX] Initialized MultithreadedTaskDispatcher with 8 workers.
 -> (artifact id: '0374b73be8ace5b472c81c3518f6318c') in 0.0108512 seconds
Number of updated asset objects reloaded before import = 0Number of asset objects unloaded after import = 1

========================================================================
Received Import Request.
  Time since last request: 0.000016 seconds.
  path: Assets/Settings/Build Profiles/Android™.asset
  artifactKey: Guid(bdfc5bb8d6328f54ab76a85017441112) Importer(2089858483,192608db42251d675da83286b1cce702)
Start importing Assets/Settings/Build Profiles/Android™.asset using Guid(bdfc5bb8d6328f54ab76a85017441112) Importer(2089858483,192608db42251d675da83286b1cce702) (ScriptedImporter)[PhysX] Initialized MultithreadedTaskDispatcher with 8 workers.
Assertion failed on expression: '!AssetDatabase::IsAssetImportWorkerProcess()'
0x00007ffc98cc050d (Unity) StackWalker::ShowCallstack
0x00007ffc98ccff79 (Unity) PlatformStacktrace::GetStacktrace
0x00007ffc99f2b04e (Unity) Stacktrace::GetStacktrace
0x00007ffc9a4d117f (Unity) DebugStringToFile
0x00007ffc9a4d0d3a (Unity) AssertImplementation
0x00007ffc9a114c75 (Unity) InvokeCustomDependenciesCallbacks
0x00007ffc9a12492d (Unity) StopAssetImportingV2Internal
0x00007ffc9a0eedfd (Unity) ImportAssetsV2_Internal<core::hash_set<UnityGUID,core::hash<UnityGUID>,std::equal_to<UnityGUID> > >
0x00007ffc9a0d4922 (Unity) AssetDatabase::ImportAssets
0x00007ffc9a0daf8c (Unity) AssetDatabase::SaveAssetIfDirty
0x00007ffc9833bfe4 (Unity) AssetDatabase_CUSTOM_SaveAssetIfDirty
0x000002486c5cca4a (Mono JIT Code) (wrapper managed-to-native) UnityEditor.AssetDatabase:SaveAssetIfDirty_Injected (UnityEditor.GUID&)
0x000002486c5cc9b3 (Mono JIT Code) UnityEditor.AssetDatabase:SaveAssetIfDirty (UnityEditor.GUID)
0x000002486c5cc773 (Mono JIT Code) UnityEditor.AssetDatabase:SaveAssetIfDirty (UnityEngine.Object)
0x000002486c5c3b8b (Mono JIT Code) UnityEditor.Build.Profile.BuildProfile:OnDisable ()
0x000002481f22d538 (Mono JIT Code) (wrapper runtime-invoke) object:runtime_invoke_void__this__ (object,intptr,intptr,intptr)
0x00007ffc9e2a694e (mono-2.0-bdwgc) mono_jit_runtime_invoke (at C:/build/output/Unity-Technologies/mono/mono/mini/mini-runtime.c:3445)
0x00007ffc9e1e8444 (mono-2.0-bdwgc) do_runtime_invoke (at C:/build/output/Unity-Technologies/mono/mono/metadata/object.c:3068)
0x00007ffc9e1e8530 (mono-2.0-bdwgc) mono_runtime_invoke (at C:/build/output/Unity-Technologies/mono/mono/metadata/object.c:3115)
0x00007ffc98be4734 (Unity) scripting_method_invoke
0x00007ffc98bbc733 (Unity) ScriptingInvocation::Invoke
0x00007ffc98bbc81e (Unity) ScriptingInvocation::InvokeChecked
0x00007ffc98c66886 (Unity) SerializableManagedRef::CallMethod
0x00007ffc98bb6ffe (Unity) MonoBehaviour::WillUnloadScriptableObject
0x00007ffc98bbf830 (Unity) Scripting::UnloadAssetFromScripting
0x00007ffc97e7d647 (Unity) ResourcesAPIInternal_CUSTOM_UnloadAsset
0x00000248297446aa (Mono JIT Code) (wrapper managed-to-native) UnityEngine.ResourcesAPIInternal:UnloadAsset_Injected (intptr)
0x0000024829744603 (Mono JIT Code) UnityEngine.ResourcesAPIInternal:UnloadAsset (UnityEngine.Object)
0x0000024829744543 (Mono JIT Code) UnityEngine.ResourcesAPI:UnloadAsset (UnityEngine.Object)
0x0000024829744502 (Mono JIT Code) UnityEngine.Resources:UnloadAsset (UnityEngine.Object)
0x0000024829725553 (Mono JIT Code) UnityEditor.Search.AssetIndexer:IndexProperties (int&,string&,bool&)
0x00000248297127d3 (Mono JIT Code) UnityEditor.Search.AssetIndexer:IndexDocument (string,bool)
0x00000248296ff652 (Mono JIT Code) UnityEditor.Search.SearchIndexEntryImporter:OnImportAsset (UnityEditor.AssetImporters.AssetImportContext)
0x00000248296ff399 (Mono JIT Code) UnityEditor.AssetImporters.ScriptedImporter:GenerateAssetData (UnityEditor.AssetImporters.AssetImportContext)
0x00000248296ff453 (Mono JIT Code) (wrapper runtime-invoke) <Module>:runtime_invoke_void__this___object (object,intptr,intptr,intptr)
0x00007ffc9e2a694e (mono-2.0-bdwgc) mono_jit_runtime_invoke (at C:/build/output/Unity-Technologies/mono/mono/mini/mini-runtime.c:3445)
0x00007ffc9e1e8444 (mono-2.0-bdwgc) do_runtime_invoke (at C:/build/output/Unity-Technologies/mono/mono/metadata/object.c:3068)
0x00007ffc9e1e8530 (mono-2.0-bdwgc) mono_runtime_invoke (at C:/build/output/Unity-Technologies/mono/mono/metadata/object.c:3115)
0x00007ffc98be4734 (Unity) scripting_method_invoke
0x00007ffc98bbc733 (Unity) ScriptingInvocation::Invoke
0x00007ffc9a23208b (Unity) ScriptedImporter::GenerateAssetData
0x00007ffc9a1a7b82 (Unity) ImportToObjects
0x00007ffc9a1a69f8 (Unity) ImportAsset
0x00007ffc9a1447d1 (Unity) AssetImportWorker::Import
0x00007ffc9a0f6d54 (Unity) <lambda_319826b16fd6fd0002c11364be971df3>::operator()
0x00007ffc9a1db09e (Unity) asio::detail::completion_handler<core::mutable_function<void __cdecl(void)>,asio::io_context::basic_executor_type<std::allocator<void>,0> >::do_complete
0x00007ffc9a1c892a (Unity) asio::detail::win_iocp_io_context::do_one
0x00007ffc9a1c9c94 (Unity) asio::detail::win_iocp_io_context::run
0x00007ffc9a1d96bc (Unity) IOService::Run
0x00007ffc9a121d66 (Unity) RunAssetImportWorkerClientV2
0x00007ffc9a121e2b (Unity) RunAssetImporterV2
0x00007ffc9992de25 (Unity) Application::InitializeProject
0x00007ffc99f352a5 (Unity) UnityMain
0x00007ff6ad3f2fba (Unity) __scrt_common_main_seh
0x00007ffd9a55259d (KERNEL32) BaseThreadInitThunk
0x00007ffd9bcaaf38 (ntdll) RtlUserThreadStart

Refresh completed but there are assets queued up for importing. Check for code that modifies assets which gets called after OnPostProcessAllAssets. Additional details in Log file
0x00007ffc98cc050d (Unity) StackWalker::ShowCallstack
0x00007ffc98ccff79 (Unity) PlatformStacktrace::GetStacktrace
0x00007ffc99f2b04e (Unity) Stacktrace::GetStacktrace
0x00007ffc9a4d117f (Unity) DebugStringToFile
0x00007ffc9a4d0d3a (Unity) AssertImplementation
0x00007ffc9a1249f3 (Unity) StopAssetImportingV2Internal
0x00007ffc9a0eedfd (Unity) ImportAssetsV2_Internal<core::hash_set<UnityGUID,core::hash<UnityGUID>,std::equal_to<UnityGUID> > >
0x00007ffc9a0d4922 (Unity) AssetDatabase::ImportAssets
0x00007ffc9a0daf8c (Unity) AssetDatabase::SaveAssetIfDirty
0x00007ffc9833bfe4 (Unity) AssetDatabase_CUSTOM_SaveAssetIfDirty
0x000002486c5cca4a (Mono JIT Code) (wrapper managed-to-native) UnityEditor.AssetDatabase:SaveAssetIfDirty_Injected (UnityEditor.GUID&)
0x000002486c5cc9b3 (Mono JIT Code) UnityEditor.AssetDatabase:SaveAssetIfDirty (UnityEditor.GUID)
0x000002486c5cc773 (Mono JIT Code) UnityEditor.AssetDatabase:SaveAssetIfDirty (UnityEngine.Object)
0x000002486c5c3b8b (Mono JIT Code) UnityEditor.Build.Profile.BuildProfile:OnDisable ()
0x000002481f22d538 (Mono JIT Code) (wrapper runtime-invoke) object:runtime_invoke_void__this__ (object,intptr,intptr,intptr)
0x00007ffc9e2a694e (mono-2.0-bdwgc) mono_jit_runtime_invoke (at C:/build/output/Unity-Technologies/mono/mono/mini/mini-runtime.c:3445)
0x00007ffc9e1e8444 (mono-2.0-bdwgc) do_runtime_invoke (at C:/build/output/Unity-Technologies/mono/mono/metadata/object.c:3068)
0x00007ffc9e1e8530 (mono-2.0-bdwgc) mono_runtime_invoke (at C:/build/output/Unity-Technologies/mono/mono/metadata/object.c:3115)
0x00007ffc98be4734 (Unity) scripting_method_invoke
0x00007ffc98bbc733 (Unity) ScriptingInvocation::Invoke
0x00007ffc98bbc81e (Unity) ScriptingInvocation::InvokeChecked
0x00007ffc98c66886 (Unity) SerializableManagedRef::CallMethod
0x00007ffc98bb6ffe (Unity) MonoBehaviour::WillUnloadScriptableObject
0x00007ffc98bbf830 (Unity) Scripting::UnloadAssetFromScripting
0x00007ffc97e7d647 (Unity) ResourcesAPIInternal_CUSTOM_UnloadAsset
0x00000248297446aa (Mono JIT Code) (wrapper managed-to-native) UnityEngine.ResourcesAPIInternal:UnloadAsset_Injected (intptr)
0x0000024829744603 (Mono JIT Code) UnityEngine.ResourcesAPIInternal:UnloadAsset (UnityEngine.Object)
0x0000024829744543 (Mono JIT Code) UnityEngine.ResourcesAPI:UnloadAsset (UnityEngine.Object)
0x0000024829744502 (Mono JIT Code) UnityEngine.Resources:UnloadAsset (UnityEngine.Object)
0x0000024829725553 (Mono JIT Code) UnityEditor.Search.AssetIndexer:IndexProperties (int&,string&,bool&)
0x00000248297127d3 (Mono JIT Code) UnityEditor.Search.AssetIndexer:IndexDocument (string,bool)
0x00000248296ff652 (Mono JIT Code) UnityEditor.Search.SearchIndexEntryImporter:OnImportAsset (UnityEditor.AssetImporters.AssetImportContext)
0x00000248296ff399 (Mono JIT Code) UnityEditor.AssetImporters.ScriptedImporter:GenerateAssetData (UnityEditor.AssetImporters.AssetImportContext)
0x00000248296ff453 (Mono JIT Code) (wrapper runtime-invoke) <Module>:runtime_invoke_void__this___object (object,intptr,intptr,intptr)
0x00007ffc9e2a694e (mono-2.0-bdwgc) mono_jit_runtime_invoke (at C:/build/output/Unity-Technologies/mono/mono/mini/mini-runtime.c:3445)
0x00007ffc9e1e8444 (mono-2.0-bdwgc) do_runtime_invoke (at C:/build/output/Unity-Technologies/mono/mono/metadata/object.c:3068)
0x00007ffc9e1e8530 (mono-2.0-bdwgc) mono_runtime_invoke (at C:/build/output/Unity-Technologies/mono/mono/metadata/object.c:3115)
0x00007ffc98be4734 (Unity) scripting_method_invoke
0x00007ffc98bbc733 (Unity) ScriptingInvocation::Invoke
0x00007ffc9a23208b (Unity) ScriptedImporter::GenerateAssetData
0x00007ffc9a1a7b82 (Unity) ImportToObjects
0x00007ffc9a1a69f8 (Unity) ImportAsset
0x00007ffc9a1447d1 (Unity) AssetImportWorker::Import
0x00007ffc9a0f6d54 (Unity) <lambda_319826b16fd6fd0002c11364be971df3>::operator()
0x00007ffc9a1db09e (Unity) asio::detail::completion_handler<core::mutable_function<void __cdecl(void)>,asio::io_context::basic_executor_type<std::allocator<void>,0> >::do_complete
0x00007ffc9a1c892a (Unity) asio::detail::win_iocp_io_context::do_one
0x00007ffc9a1c9c94 (Unity) asio::detail::win_iocp_io_context::run
0x00007ffc9a1d96bc (Unity) IOService::Run
0x00007ffc9a121d66 (Unity) RunAssetImportWorkerClientV2
0x00007ffc9a121e2b (Unity) RunAssetImporterV2
0x00007ffc9992de25 (Unity) Application::InitializeProject
0x00007ffc99f352a5 (Unity) UnityMain
0x00007ff6ad3f2fba (Unity) __scrt_common_main_seh
0x00007ffd9a55259d (KERNEL32) BaseThreadInitThunk
0x00007ffd9bcaaf38 (ntdll) RtlUserThreadStart

Assets queued for import after Refresh completed:
	Assets/Settings/Build Profiles/Android™.asset
Asset Pipeline Refresh (id=c05b23a56750c454d9d688afba657efc): Total: 1.876 seconds - Initiated by StopAssetImportingV2(NoUpdateAssetOptions)
	Summary:
		Imports: total=0 (actual=0, local cache=0, cache server=0)
		Asset DB Process Time: managed=0 ms, native=1 ms
		Asset DB Callback time: managed=0 ms, native=1874 ms
		Scripting: domain reloads=0, domain reload time=0 ms, compile time=0 ms, other=0 ms
		Project Asset Count: scripts=0, non-scripts=0
		Asset File Changes: new=0, changed=0, moved=0, deleted=0
		Scan Filter Count: 0
	InvokeCustomDependenciesCallbacks: 0.009ms
	Untracked: 1875.843ms

Assertion failed on expression: 'm_Ptr'
0x00007ffc98cc050d (Unity) StackWalker::ShowCallstack
0x00007ffc98ccff79 (Unity) PlatformStacktrace::GetStacktrace
0x00007ffc99f2b04e (Unity) Stacktrace::GetStacktrace
0x00007ffc9a4d117f (Unity) DebugStringToFile
0x00007ffc9a4d0d3a (Unity) AssertImplementation
0x00007ffc9a0eee2d (Unity) ImportAssetsV2_Internal<core::hash_set<UnityGUID,core::hash<UnityGUID>,std::equal_to<UnityGUID> > >
0x00007ffc9a0d4922 (Unity) AssetDatabase::ImportAssets
0x00007ffc9a0daf8c (Unity) AssetDatabase::SaveAssetIfDirty
0x00007ffc9833bfe4 (Unity) AssetDatabase_CUSTOM_SaveAssetIfDirty
0x000002486c5cca4a (Mono JIT Code) (wrapper managed-to-native) UnityEditor.AssetDatabase:SaveAssetIfDirty_Injected (UnityEditor.GUID&)
0x000002486c5cc9b3 (Mono JIT Code) UnityEditor.AssetDatabase:SaveAssetIfDirty (UnityEditor.GUID)
0x000002486c5cc773 (Mono JIT Code) UnityEditor.AssetDatabase:SaveAssetIfDirty (UnityEngine.Object)
0x000002486c5c3b8b (Mono JIT Code) UnityEditor.Build.Profile.BuildProfile:OnDisable ()
0x000002481f22d538 (Mono JIT Code) (wrapper runtime-invoke) object:runtime_invoke_void__this__ (object,intptr,intptr,intptr)
0x00007ffc9e2a694e (mono-2.0-bdwgc) mono_jit_runtime_invoke (at C:/build/output/Unity-Technologies/mono/mono/mini/mini-runtime.c:3445)
0x00007ffc9e1e8444 (mono-2.0-bdwgc) do_runtime_invoke (at C:/build/output/Unity-Technologies/mono/mono/metadata/object.c:3068)
0x00007ffc9e1e8530 (mono-2.0-bdwgc) mono_runtime_invoke (at C:/build/output/Unity-Technologies/mono/mono/metadata/object.c:3115)
0x00007ffc98be4734 (Unity) scripting_method_invoke
0x00007ffc98bbc733 (Unity) ScriptingInvocation::Invoke
0x00007ffc98bbc81e (Unity) ScriptingInvocation::InvokeChecked
0x00007ffc98c66886 (Unity) SerializableManagedRef::CallMethod
0x00007ffc98bb6ffe (Unity) MonoBehaviour::WillUnloadScriptableObject
0x00007ffc98bbf830 (Unity) Scripting::UnloadAssetFromScripting
0x00007ffc97e7d647 (Unity) ResourcesAPIInternal_CUSTOM_UnloadAsset
0x00000248297446aa (Mono JIT Code) (wrapper managed-to-native) UnityEngine.ResourcesAPIInternal:UnloadAsset_Injected (intptr)
0x0000024829744603 (Mono JIT Code) UnityEngine.ResourcesAPIInternal:UnloadAsset (UnityEngine.Object)
0x0000024829744543 (Mono JIT Code) UnityEngine.ResourcesAPI:UnloadAsset (UnityEngine.Object)
0x0000024829744502 (Mono JIT Code) UnityEngine.Resources:UnloadAsset (UnityEngine.Object)
0x0000024829725553 (Mono JIT Code) UnityEditor.Search.AssetIndexer:IndexProperties (int&,string&,bool&)
0x00000248297127d3 (Mono JIT Code) UnityEditor.Search.AssetIndexer:IndexDocument (string,bool)
0x00000248296ff652 (Mono JIT Code) UnityEditor.Search.SearchIndexEntryImporter:OnImportAsset (UnityEditor.AssetImporters.AssetImportContext)
0x00000248296ff399 (Mono JIT Code) UnityEditor.AssetImporters.ScriptedImporter:GenerateAssetData (UnityEditor.AssetImporters.AssetImportContext)
0x00000248296ff453 (Mono JIT Code) (wrapper runtime-invoke) <Module>:runtime_invoke_void__this___object (object,intptr,intptr,intptr)
0x00007ffc9e2a694e (mono-2.0-bdwgc) mono_jit_runtime_invoke (at C:/build/output/Unity-Technologies/mono/mono/mini/mini-runtime.c:3445)
0x00007ffc9e1e8444 (mono-2.0-bdwgc) do_runtime_invoke (at C:/build/output/Unity-Technologies/mono/mono/metadata/object.c:3068)
0x00007ffc9e1e8530 (mono-2.0-bdwgc) mono_runtime_invoke (at C:/build/output/Unity-Technologies/mono/mono/metadata/object.c:3115)
0x00007ffc98be4734 (Unity) scripting_method_invoke
0x00007ffc98bbc733 (Unity) ScriptingInvocation::Invoke
0x00007ffc9a23208b (Unity) ScriptedImporter::GenerateAssetData
0x00007ffc9a1a7b82 (Unity) ImportToObjects
0x00007ffc9a1a69f8 (Unity) ImportAsset
0x00007ffc9a1447d1 (Unity) AssetImportWorker::Import
0x00007ffc9a0f6d54 (Unity) <lambda_319826b16fd6fd0002c11364be971df3>::operator()
0x00007ffc9a1db09e (Unity) asio::detail::completion_handler<core::mutable_function<void __cdecl(void)>,asio::io_context::basic_executor_type<std::allocator<void>,0> >::do_complete
0x00007ffc9a1c892a (Unity) asio::detail::win_iocp_io_context::do_one
0x00007ffc9a1c9c94 (Unity) asio::detail::win_iocp_io_context::run
0x00007ffc9a1d96bc (Unity) IOService::Run
0x00007ffc9a121d66 (Unity) RunAssetImportWorkerClientV2
0x00007ffc9a121e2b (Unity) RunAssetImporterV2
0x00007ffc9992de25 (Unity) Application::InitializeProject
0x00007ffc99f352a5 (Unity) UnityMain
0x00007ff6ad3f2fba (Unity) __scrt_common_main_seh
0x00007ffd9a55259d (KERNEL32) BaseThreadInitThunk
0x00007ffd9bcaaf38 (ntdll) RtlUserThreadStart

The asset at Assets/Settings/Build Profiles/Android™.asset has been scheduled for reimport during the Refresh loop and Loading of it has been attempted.
Doing this can lead to the AssetDatabase returning two versions of the same asset.
Please ensure that code which attempts to reimport this asset does not run while the editor is Refreshing.
You can do so by checking the value of EditorApplication.isUpdating
0x00007ffc98cc050d (Unity) StackWalker::ShowCallstack
0x00007ffc98ccff79 (Unity) PlatformStacktrace::GetStacktrace
0x00007ffc99f2b04e (Unity) Stacktrace::GetStacktrace
0x00007ffc9a4d117f (Unity) DebugStringToFile
0x00007ffc9a1667db (Unity) AssetResolveTracker::Track
0x00007ffc9a184413 (Unity) AssetResolver::ResolveAsset
0x00007ffc9a120a91 (Unity) ResolveArtifactV2
0x00007ffc9a10ad06 (Unity) GetAssetTypeV2
0x00007ffc9a0d6359 (Unity) AssetDatabase::IsNativeAsset
0x00007ffc99a84dc2 (Unity) CollectAllDirectDependencies
0x00007ffc9839169d (Unity) AssetDatabaseBindings::GetDependencies
0x00007ffc98350316 (Unity) AssetDatabase_CUSTOM_GetDependencies
0x000002482974495d (Mono JIT Code) (wrapper managed-to-native) UnityEditor.AssetDatabase:GetDependencies (string[],bool)
0x00000248297448c3 (Mono JIT Code) UnityEditor.AssetDatabase:GetDependencies (string,bool)
0x0000024829744783 (Mono JIT Code) UnityEditor.Search.AssetIndexer:IndexDependencies (int&,string&)
0x000002482971285b (Mono JIT Code) UnityEditor.Search.AssetIndexer:IndexDocument (string,bool)
0x00000248296ff652 (Mono JIT Code) UnityEditor.Search.SearchIndexEntryImporter:OnImportAsset (UnityEditor.AssetImporters.AssetImportContext)
0x00000248296ff399 (Mono JIT Code) UnityEditor.AssetImporters.ScriptedImporter:GenerateAssetData (UnityEditor.AssetImporters.AssetImportContext)
0x00000248296ff453 (Mono JIT Code) (wrapper runtime-invoke) <Module>:runtime_invoke_void__this___object (object,intptr,intptr,intptr)
0x00007ffc9e2a694e (mono-2.0-bdwgc) mono_jit_runtime_invoke (at C:/build/output/Unity-Technologies/mono/mono/mini/mini-runtime.c:3445)
0x00007ffc9e1e8444 (mono-2.0-bdwgc) do_runtime_invoke (at C:/build/output/Unity-Technologies/mono/mono/metadata/object.c:3068)
0x00007ffc9e1e8530 (mono-2.0-bdwgc) mono_runtime_invoke (at C:/build/output/Unity-Technologies/mono/mono/metadata/object.c:3115)
0x00007ffc98be4734 (Unity) scripting_method_invoke
0x00007ffc98bbc733 (Unity) ScriptingInvocation::Invoke
0x00007ffc9a23208b (Unity) ScriptedImporter::GenerateAssetData
0x00007ffc9a1a7b82 (Unity) ImportToObjects
0x00007ffc9a1a69f8 (Unity) ImportAsset
0x00007ffc9a1447d1 (Unity) AssetImportWorker::Import
0x00007ffc9a0f6d54 (Unity) <lambda_319826b16fd6fd0002c11364be971df3>::operator()
0x00007ffc9a1db09e (Unity) asio::detail::completion_handler<core::mutable_function<void __cdecl(void)>,asio::io_context::basic_executor_type<std::allocator<void>,0> >::do_complete
0x00007ffc9a1c892a (Unity) asio::detail::win_iocp_io_context::do_one
0x00007ffc9a1c9c94 (Unity) asio::detail::win_iocp_io_context::run
0x00007ffc9a1d96bc (Unity) IOService::Run
0x00007ffc9a121d66 (Unity) RunAssetImportWorkerClientV2
0x00007ffc9a121e2b (Unity) RunAssetImporterV2
0x00007ffc9992de25 (Unity) Application::InitializeProject
0x00007ffc99f352a5 (Unity) UnityMain
0x00007ff6ad3f2fba (Unity) __scrt_common_main_seh
0x00007ffd9a55259d (KERNEL32) BaseThreadInitThunk
0x00007ffd9bcaaf38 (ntdll) RtlUserThreadStart

The asset at Assets/Settings/Build Profiles/Android™.asset has been scheduled for reimport during the Refresh loop and Loading of it has been attempted.
Doing this can lead to the AssetDatabase returning two versions of the same asset.
Please ensure that code which attempts to reimport this asset does not run while the editor is Refreshing.
You can do so by checking the value of EditorApplication.isUpdating
0x00007ffc98cc050d (Unity) StackWalker::ShowCallstack
0x00007ffc98ccff79 (Unity) PlatformStacktrace::GetStacktrace
0x00007ffc99f2b04e (Unity) Stacktrace::GetStacktrace
0x00007ffc9a4d117f (Unity) DebugStringToFile
0x00007ffc9a1667db (Unity) AssetResolveTracker::Track
0x00007ffc9a184413 (Unity) AssetResolver::ResolveAsset
0x00007ffc9a120a91 (Unity) ResolveArtifactV2
0x00007ffc9a115e7d (Unity) MetaDataPathFromGUIDV2
0x00007ffc9a0d728e (Unity) AssetDatabase::MetaDataPathFromGUID
0x00007ffc99a84deb (Unity) CollectAllDirectDependencies
0x00007ffc9839169d (Unity) AssetDatabaseBindings::GetDependencies
0x00007ffc98350316 (Unity) AssetDatabase_CUSTOM_GetDependencies
0x000002482974495d (Mono JIT Code) (wrapper managed-to-native) UnityEditor.AssetDatabase:GetDependencies (string[],bool)
0x00000248297448c3 (Mono JIT Code) UnityEditor.AssetDatabase:GetDependencies (string,bool)
0x0000024829744783 (Mono JIT Code) UnityEditor.Search.AssetIndexer:IndexDependencies (int&,string&)
0x000002482971285b (Mono JIT Code) UnityEditor.Search.AssetIndexer:IndexDocument (string,bool)
0x00000248296ff652 (Mono JIT Code) UnityEditor.Search.SearchIndexEntryImporter:OnImportAsset (UnityEditor.AssetImporters.AssetImportContext)
0x00000248296ff399 (Mono JIT Code) UnityEditor.AssetImporters.ScriptedImporter:GenerateAssetData (UnityEditor.AssetImporters.AssetImportContext)
0x00000248296ff453 (Mono JIT Code) (wrapper runtime-invoke) <Module>:runtime_invoke_void__this___object (object,intptr,intptr,intptr)
0x00007ffc9e2a694e (mono-2.0-bdwgc) mono_jit_runtime_invoke (at C:/build/output/Unity-Technologies/mono/mono/mini/mini-runtime.c:3445)
0x00007ffc9e1e8444 (mono-2.0-bdwgc) do_runtime_invoke (at C:/build/output/Unity-Technologies/mono/mono/metadata/object.c:3068)
0x00007ffc9e1e8530 (mono-2.0-bdwgc) mono_runtime_invoke (at C:/build/output/Unity-Technologies/mono/mono/metadata/object.c:3115)
0x00007ffc98be4734 (Unity) scripting_method_invoke
0x00007ffc98bbc733 (Unity) ScriptingInvocation::Invoke
0x00007ffc9a23208b (Unity) ScriptedImporter::GenerateAssetData
0x00007ffc9a1a7b82 (Unity) ImportToObjects
0x00007ffc9a1a69f8 (Unity) ImportAsset
0x00007ffc9a1447d1 (Unity) AssetImportWorker::Import
0x00007ffc9a0f6d54 (Unity) <lambda_319826b16fd6fd0002c11364be971df3>::operator()
0x00007ffc9a1db09e (Unity) asio::detail::completion_handler<core::mutable_function<void __cdecl(void)>,asio::io_context::basic_executor_type<std::allocator<void>,0> >::do_complete
0x00007ffc9a1c892a (Unity) asio::detail::win_iocp_io_context::do_one
0x00007ffc9a1c9c94 (Unity) asio::detail::win_iocp_io_context::run
0x00007ffc9a1d96bc (Unity) IOService::Run
0x00007ffc9a121d66 (Unity) RunAssetImportWorkerClientV2
0x00007ffc9a121e2b (Unity) RunAssetImporterV2
0x00007ffc9992de25 (Unity) Application::InitializeProject
0x00007ffc99f352a5 (Unity) UnityMain
0x00007ff6ad3f2fba (Unity) __scrt_common_main_seh
0x00007ffd9a55259d (KERNEL32) BaseThreadInitThunk
0x00007ffd9bcaaf38 (ntdll) RtlUserThreadStart

The asset at Assets/Settings/Build Profiles/Android™.asset has been scheduled for reimport during the Refresh loop and Loading of it has been attempted.
Doing this can lead to the AssetDatabase returning two versions of the same asset.
Please ensure that code which attempts to reimport this asset does not run while the editor is Refreshing.
You can do so by checking the value of EditorApplication.isUpdating
0x00007ffc98cc050d (Unity) StackWalker::ShowCallstack
0x00007ffc98ccff79 (Unity) PlatformStacktrace::GetStacktrace
0x00007ffc99f2b04e (Unity) Stacktrace::GetStacktrace
0x00007ffc9a4d117f (Unity) DebugStringToFile
0x00007ffc9a1667db (Unity) AssetResolveTracker::Track
0x00007ffc9a18844f (Unity) AssetResolver::TrackLoadedAsset
0x00007ffc9a125c71 (Unity) TrackLoadOfPrimaryImportedAssetV2
0x00007ffc9a115e9c (Unity) MetaDataPathFromGUIDV2
0x00007ffc9a0d728e (Unity) AssetDatabase::MetaDataPathFromGUID
0x00007ffc99a84deb (Unity) CollectAllDirectDependencies
0x00007ffc9839169d (Unity) AssetDatabaseBindings::GetDependencies
0x00007ffc98350316 (Unity) AssetDatabase_CUSTOM_GetDependencies
0x000002482974495d (Mono JIT Code) (wrapper managed-to-native) UnityEditor.AssetDatabase:GetDependencies (string[],bool)
0x00000248297448c3 (Mono JIT Code) UnityEditor.AssetDatabase:GetDependencies (string,bool)
0x0000024829744783 (Mono JIT Code) UnityEditor.Search.AssetIndexer:IndexDependencies (int&,string&)
0x000002482971285b (Mono JIT Code) UnityEditor.Search.AssetIndexer:IndexDocument (string,bool)
0x00000248296ff652 (Mono JIT Code) UnityEditor.Search.SearchIndexEntryImporter:OnImportAsset (UnityEditor.AssetImporters.AssetImportContext)
0x00000248296ff399 (Mono JIT Code) UnityEditor.AssetImporters.ScriptedImporter:GenerateAssetData (UnityEditor.AssetImporters.AssetImportContext)
0x00000248296ff453 (Mono JIT Code) (wrapper runtime-invoke) <Module>:runtime_invoke_void__this___object (object,intptr,intptr,intptr)
0x00007ffc9e2a694e (mono-2.0-bdwgc) mono_jit_runtime_invoke (at C:/build/output/Unity-Technologies/mono/mono/mini/mini-runtime.c:3445)
0x00007ffc9e1e8444 (mono-2.0-bdwgc) do_runtime_invoke (at C:/build/output/Unity-Technologies/mono/mono/metadata/object.c:3068)
0x00007ffc9e1e8530 (mono-2.0-bdwgc) mono_runtime_invoke (at C:/build/output/Unity-Technologies/mono/mono/metadata/object.c:3115)
0x00007ffc98be4734 (Unity) scripting_method_invoke
0x00007ffc98bbc733 (Unity) ScriptingInvocation::Invoke
0x00007ffc9a23208b (Unity) ScriptedImporter::GenerateAssetData
0x00007ffc9a1a7b82 (Unity) ImportToObjects
0x00007ffc9a1a69f8 (Unity) ImportAsset
0x00007ffc9a1447d1 (Unity) AssetImportWorker::Import
0x00007ffc9a0f6d54 (Unity) <lambda_319826b16fd6fd0002c11364be971df3>::operator()
0x00007ffc9a1db09e (Unity) asio::detail::completion_handler<core::mutable_function<void __cdecl(void)>,asio::io_context::basic_executor_type<std::allocator<void>,0> >::do_complete
0x00007ffc9a1c892a (Unity) asio::detail::win_iocp_io_context::do_one
0x00007ffc9a1c9c94 (Unity) asio::detail::win_iocp_io_context::run
0x00007ffc9a1d96bc (Unity) IOService::Run
0x00007ffc9a121d66 (Unity) RunAssetImportWorkerClientV2
0x00007ffc9a121e2b (Unity) RunAssetImporterV2
0x00007ffc9992de25 (Unity) Application::InitializeProject
0x00007ffc99f352a5 (Unity) UnityMain
0x00007ff6ad3f2fba (Unity) __scrt_common_main_seh
0x00007ffd9a55259d (KERNEL32) BaseThreadInitThunk
0x00007ffd9bcaaf38 (ntdll) RtlUserThreadStart

 -> (artifact id: '00000000000000000000000000000000') in 2.5306032 seconds
Import Error Code:(4)
Message: Build asset version error: assets/settings/build profiles/android™.asset in SourceAssetDB has modification time of '2025-02-01T17:57:41.40361Z' while content on disk has modification time of '2025-02-01T17:58:32.4963232Z'
0x00007ffc98cc050d (Unity) StackWalker::ShowCallstack
0x00007ffc98ccff79 (Unity) PlatformStacktrace::GetStacktrace
0x00007ffc99f2b04e (Unity) Stacktrace::GetStacktrace
0x00007ffc9a4d117f (Unity) DebugStringToFile
0x00007ffc9a1a6c09 (Unity) ImportAsset
0x00007ffc9a1447d1 (Unity) AssetImportWorker::Import
0x00007ffc9a0f6d54 (Unity) <lambda_319826b16fd6fd0002c11364be971df3>::operator()
0x00007ffc9a1db09e (Unity) asio::detail::completion_handler<core::mutable_function<void __cdecl(void)>,asio::io_context::basic_executor_type<std::allocator<void>,0> >::do_complete
0x00007ffc9a1c892a (Unity) asio::detail::win_iocp_io_context::do_one
0x00007ffc9a1c9c94 (Unity) asio::detail::win_iocp_io_context::run
0x00007ffc9a1d96bc (Unity) IOService::Run
0x00007ffc9a121d66 (Unity) RunAssetImportWorkerClientV2
0x00007ffc9a121e2b (Unity) RunAssetImporterV2
0x00007ffc9992de25 (Unity) Application::InitializeProject
0x00007ffc99f352a5 (Unity) UnityMain
0x00007ff6ad3f2fba (Unity) __scrt_common_main_seh
0x00007ffd9a55259d (KERNEL32) BaseThreadInitThunk
0x00007ffd9bcaaf38 (ntdll) RtlUserThreadStart

  ERROR: Build asset version error: assets/settings/build profiles/android™.asset in SourceAssetDB has modification time of '2025-02-01T17:57:41.40361Z' while content on disk has modification time of '2025-02-01T17:58:32.4963232Z'
Number of updated asset objects reloaded before import = 0Number of asset objects unloaded after import = 0

========================================================================
Received Prepare
Begin MonoManager ReloadAssembly
- Loaded All Assemblies, in  0.989 seconds
Refreshing native plugins compatible for Editor in 4.39 ms, found 4 plugins.
Native extension for iOS target not found
Native extension for Android target not found
Native extension for WindowsStandalone target not found
Mono: successfully reloaded assembly
[Package Manager] Failed to launch server process. Reason: Unity was launched with the -noUpm command-line argument
[Package Manager] Unable to send message (not connected to server process).
[Package Manager] Cannot connect to Unity Package Manager local server
- Finished resetting the current domain, in  1.297 seconds
Domain Reload Profiling: 2289ms
	BeginReloadAssembly (270ms)
		ExecutionOrderSort (0ms)
		DisableScriptedObjects (32ms)
		BackupInstance (0ms)
		ReleaseScriptingObjects (0ms)
		CreateAndSetChildDomain (90ms)
	RebuildCommonClasses (43ms)
	RebuildNativeTypeToScriptingClass (19ms)
	initialDomainReloadingComplete (26ms)
	LoadAllAssembliesAndSetupDomain (633ms)
		LoadAssemblies (408ms)
		RebuildTransferFunctionScriptingTraits (0ms)
		AnalyzeDomain (329ms)
			TypeCache.Refresh (15ms)
				TypeCache.ScanAssembly (2ms)
			BuildScriptInfoCaches (296ms)
			ResolveRequiredComponents (14ms)
	FinalizeReload (1298ms)
		ReleaseScriptCaches (0ms)
		RebuildScriptCaches (0ms)
		SetupLoadedEditorAssemblies (843ms)
			LogAssemblyErrors (0ms)
			InitializePlatformSupportModulesInManaged (22ms)
			SetLoadedEditorAssemblies (4ms)
			BeforeProcessingInitializeOnLoad (87ms)
			ProcessInitializeOnLoadAttributes (444ms)
			ProcessInitializeOnLoadMethodAttributes (284ms)
			AfterProcessingInitializeOnLoad (2ms)
			EditorAssembliesLoaded (0ms)
		ExecutionOrderSort2 (0ms)
		AwakeInstancesAfterBackupRestoration (25ms)
Refreshing native plugins compatible for Editor in 4.72 ms, found 4 plugins.
Preloading 0 native plugins for Editor in 0.00 ms.
Unloading 22 Unused Serialized files (Serialized files now loaded: 0)
Unloading 6828 unused Assets / (5.0 MB). Loaded Objects now: 7599.
Memory consumption went from 174.6 MB to 169.6 MB.
Total: 8.725000 ms (FindLiveObjects: 1.242600 ms CreateObjectMapping: 0.573400 ms MarkObjects: 4.829500 ms  DeleteObjects: 2.078500 ms)

Prepare: number of updated asset objects reloaded= 0
